Build started 11/15/2014 9:11:53 PM.
     1>Project "C:\Users\Steven\Documents\Fall 14\ECE 2574\Bank_HW4\Bank_HW4\Bank_HW4.vcxproj" on node 2 (Build target(s)).
     1>ClCompile:
         C:\Program Files (x86)\Microsoft Visual Studio 11.0\VC\bin\CL.exe /c /ZI /nologo /W3 /WX- /Od /Oy- /D _MBCS /Gm /EHsc /RTC1 /MDd /GS /fp:precise /Zc:wchar_t /Zc:forScope /Fo"Debug\\" /Fd"Debug\vc110.pdb" /Gd /TP /analyze- /errorReport:prompt bank.cpp Queue.cpp Simulate.cpp
         Simulate.cpp
     1>c:\users\steven\documents\fall 14\ece 2574\bank_hw4\bank_hw4\simulate.cpp(226): warning C4244: 'argument' : conversion from 'double' to 'int', possible loss of data
     1>c:\users\steven\documents\fall 14\ece 2574\bank_hw4\bank_hw4\simulate.cpp(301): warning C4244: 'argument' : conversion from 'double' to 'int', possible loss of data
     1>c:\users\steven\documents\fall 14\ece 2574\bank_hw4\bank_hw4\simulate.cpp(305): warning C4244: 'argument' : conversion from 'double' to 'int', possible loss of data
     1>c:\users\steven\documents\fall 14\ece 2574\bank_hw4\bank_hw4\simulate.cpp(307): warning C4244: 'argument' : conversion from 'double' to 'int', possible loss of data
         bank.cpp
         Generating Code...
         Compiling...
         Queue.cpp
         Generating Code...
       Link:
         C:\Program Files (x86)\Microsoft Visual Studio 11.0\VC\bin\link.exe /ERRORREPORT:PROMPT /OUT:"C:\Users\Steven\Documents\Fall 14\ECE 2574\Bank_HW4\Debug\Bank_HW4.exe" /INCREMENTAL /NOLOGO kernel32.lib user32.lib gdi32.lib winspool.lib comdlg32.lib advapi32.lib shell32.lib ole32.lib oleaut32.lib uuid.lib odbc32.lib odbccp32.lib /MANIFEST /MANIFESTUAC:"level='asInvoker' uiAccess='false'" /manifest:embed /DEBUG /PDB:"C:\Users\Steven\Documents\Fall 14\ECE 2574\Bank_HW4\Debug\Bank_HW4.pdb" /TLBID:1 /DYNAMICBASE /NXCOMPAT /IMPLIB:"C:\Users\Steven\Documents\Fall 14\ECE 2574\Bank_HW4\Debug\Bank_HW4.lib" /MACHINE:X86 Debug\bank.obj
         Debug\Queue.obj
         Debug\Simulate.obj
         Bank_HW4.vcxproj -> C:\Users\Steven\Documents\Fall 14\ECE 2574\Bank_HW4\Debug\Bank_HW4.exe
     1>Done Building Project "C:\Users\Steven\Documents\Fall 14\ECE 2574\Bank_HW4\Bank_HW4\Bank_HW4.vcxproj" (Build target(s)).

Build succeeded.

Time Elapsed 00:00:05.41
